<?xml version="1.0" encoding="UTF-8"?>
<!-- Generated by org.testng.reporters.JUnitXMLReporter -->
<testsuite hostname="DESKTOP-HULQI6A" ignored="0" name="Test" tests="10" failures="0" timestamp="2021-09-25T10:36:12 IST" time="175.611" errors="0">
  <testcase name="login" time="36.978" classname="runner.comprehensive"/>
  <testcase name="select" time="12.597" classname="runner.comprehensive"/>
  <testcase name="Track" time="11.175" classname="runner.comprehensive"/>
  <testcase name="store" time="16.236" classname="runner.comprehensive"/>
  <testcase name="sale" time="10.73" classname="runner.comprehensive"/>
  <testcase name="help" time="1.709" classname="runner.comprehensive"/>
  <testcase name="Dining" time="8.141" classname="runner.comprehensive"/>
  <testcase name="Collection" time="37.103" classname="runner.comprehensive"/>
  <testcase name="kidroom" time="22.907" classname="runner.comprehensive"/>
  <testcase name="gift" time="5.635" classname="runner.comprehensive"/>
</testsuite> <!-- Test -->
