<?xml version="1.0" encoding="UTF-8"?>
<testng-results skipped="0" failed="0" ignored="0" total="10" passed="10">
  <reporter-output>
  </reporter-output>
  <suite name="Suite" duration-ms="175611" started-at="2021-09-25T10:33:17 IST" finished-at="2021-09-25T10:36:12 IST">
    <groups>
    </groups>
    <test name="Test" duration-ms="175611" started-at="2021-09-25T10:33:17 IST" finished-at="2021-09-25T10:36:12 IST">
      <class name="runner.comprehensive">
        <test-method status="PASS" signature="initialize()[pri:0, instance:runner.comprehensive@3d3fcdb0]" name="initialize" is-config="true" duration-ms="10596" started-at="2021-09-25T10:33:17 IST" finished-at="2021-09-25T10:33:27 IST">
          <reporter-output>
          </reporter-output>
        </test-method> <!-- initialize -->
        <test-method status="PASS" signature="login(java.lang.String,java.lang.String)[pri:0, instance:runner.comprehensive@3d3fcdb0]" name="login" duration-ms="36978" started-at="2021-09-25T10:33:29 IST" data-provider="test1data" finished-at="2021-09-25T10:34:06 IST">
          <params>
            <param index="0">
              <value>
                <![CDATA[esakonunaidu09@gmail.com]]>
              </value>
            </param>
            <param index="1">
              <value>
                <![CDATA[Krishnaswamy]]>
              </value>
            </param>
          </params>
          <reporter-output>
          </reporter-output>
        </test-method> <!-- login -->
        <test-method status="PASS" signature="select()[pri:1, instance:runner.comprehensive@3d3fcdb0]" name="select" duration-ms="12597" started-at="2021-09-25T10:34:06 IST" finished-at="2021-09-25T10:34:19 IST">
          <reporter-output>
          </reporter-output>
        </test-method> <!-- select -->
        <test-method status="PASS" signature="Track()[pri:2, instance:runner.comprehensive@3d3fcdb0]" name="Track" duration-ms="11175" started-at="2021-09-25T10:34:19 IST" finished-at="2021-09-25T10:34:30 IST">
          <reporter-output>
          </reporter-output>
        </test-method> <!-- Track -->
        <test-method status="PASS" signature="store()[pri:3, instance:runner.comprehensive@3d3fcdb0]" name="store" duration-ms="16236" started-at="2021-09-25T10:34:30 IST" finished-at="2021-09-25T10:34:46 IST">
          <reporter-output>
          </reporter-output>
        </test-method> <!-- store -->
        <test-method status="PASS" signature="sale()[pri:4, instance:runner.comprehensive@3d3fcdb0]" name="sale" duration-ms="10730" started-at="2021-09-25T10:34:46 IST" finished-at="2021-09-25T10:34:57 IST">
          <reporter-output>
          </reporter-output>
        </test-method> <!-- sale -->
        <test-method status="PASS" signature="help()[pri:5, instance:runner.comprehensive@3d3fcdb0]" name="help" duration-ms="1709" started-at="2021-09-25T10:34:57 IST" finished-at="2021-09-25T10:34:59 IST">
          <reporter-output>
          </reporter-output>
        </test-method> <!-- help -->
        <test-method status="PASS" signature="Dining()[pri:6, instance:runner.comprehensive@3d3fcdb0]" name="Dining" duration-ms="8141" started-at="2021-09-25T10:34:59 IST" finished-at="2021-09-25T10:35:07 IST">
          <reporter-output>
          </reporter-output>
        </test-method> <!-- Dining -->
        <test-method status="PASS" signature="Collection()[pri:7, instance:runner.comprehensive@3d3fcdb0]" name="Collection" duration-ms="37103" started-at="2021-09-25T10:35:07 IST" finished-at="2021-09-25T10:35:44 IST">
          <reporter-output>
          </reporter-output>
        </test-method> <!-- Collection -->
        <test-method status="PASS" signature="kidroom()[pri:8, instance:runner.comprehensive@3d3fcdb0]" name="kidroom" duration-ms="22907" started-at="2021-09-25T10:35:44 IST" finished-at="2021-09-25T10:36:07 IST">
          <reporter-output>
          </reporter-output>
        </test-method> <!-- kidroom -->
        <test-method status="PASS" signature="gift()[pri:9, instance:runner.comprehensive@3d3fcdb0]" name="gift" duration-ms="5635" started-at="2021-09-25T10:36:07 IST" finished-at="2021-09-25T10:36:12 IST">
          <reporter-output>
          </reporter-output>
        </test-method> <!-- gift -->
        <test-method status="PASS" signature="teardown()[pri:0, instance:runner.comprehensive@3d3fcdb0]" name="teardown" is-config="true" duration-ms="104" started-at="2021-09-25T10:36:12 IST" finished-at="2021-09-25T10:36:12 IST">
          <reporter-output>
          </reporter-output>
        </test-method> <!-- teardown -->
      </class> <!-- runner.comprehensive -->
    </test> <!-- Test -->
  </suite> <!-- Suite -->
</testng-results>
